2024-08-04 22:21:23 [http-nio-8080-exec-9] INFO  c.e.P.Service.TransactionService - Starting payment process for transaction request: com.example.PaymentSystem.DTO.TransactionRequest@1daa97a9
2024-08-04 22:21:23 [http-nio-8080-exec-9] INFO  c.e.P.Service.TransactionService - Validating card credentials
2024-08-04 22:21:23 [http-nio-8080-exec-9] INFO  c.e.P.Service.TransactionService - Card has been validated
2024-08-04 22:21:23 [http-nio-8080-exec-9] INFO  c.e.P.Service.TransactionService - Authenticated user: com.example.PaymentSystem.Model.User@3f95241a
2024-08-04 22:21:23 [http-nio-8080-exec-9] INFO  c.e.P.Service.TransactionService - Product found: mobile balance
2024-08-04 22:21:23 [http-nio-8080-exec-9] INFO  c.e.P.Service.TransactionService - Validating transaction amount for product
2024-08-04 22:21:23 [http-nio-8080-exec-9] INFO  c.e.P.Service.TransactionService - Transaction amount has been validated
2024-08-04 22:21:23 [http-nio-8080-exec-9] INFO  c.e.P.Service.TransactionService - Transaction is in progress
2024-08-04 22:21:23 [http-nio-8080-exec-9] INFO  c.e.P.Service.TransactionService - Transaction status set to Completed: Transaction{id=null, amount=1, paymentMethod=CARD, status=Completed, transactionDate=2024-08-04T22:21:23.522069}
2024-08-04 22:21:23 [http-nio-8080-exec-9] INFO  c.e.P.Service.TransactionService - Transaction saved
2024-08-04 22:21:23 [http-nio-8080-exec-9] INFO  c.e.P.Service.TransactionService - Transaction response created: com.example.PaymentSystem.DTO.TransactionResponse@7ad475f
2024-08-04 22:21:35 [http-nio-8080-exec-6] INFO  c.e.P.Service.TransactionService - Starting payment process for transaction request: com.example.PaymentSystem.DTO.TransactionRequest@71339776
2024-08-04 22:21:35 [http-nio-8080-exec-6] INFO  c.e.P.Service.TransactionService - Validating card credentials
2024-08-04 22:21:35 [http-nio-8080-exec-6] INFO  c.e.P.Service.TransactionService - Card has been validated
2024-08-04 22:21:35 [http-nio-8080-exec-6] INFO  c.e.P.Service.TransactionService - Authenticated user: com.example.PaymentSystem.Model.User@5ec7d126
2024-08-04 22:21:35 [http-nio-8080-exec-6] INFO  c.e.P.Service.TransactionService - Product found: mobile balance
2024-08-04 22:21:35 [http-nio-8080-exec-6] INFO  c.e.P.Service.TransactionService - Validating transaction amount for product
2024-08-04 22:21:35 [http-nio-8080-exec-6] INFO  c.e.P.Service.TransactionService - Transaction amount has been validated
2024-08-04 22:21:35 [http-nio-8080-exec-6] INFO  c.e.P.Service.TransactionService - Transaction is in progress
2024-08-04 22:21:35 [http-nio-8080-exec-6] INFO  c.e.P.Service.TransactionService - Transaction status set to Completed: Transaction{id=null, amount=0, paymentMethod=CARD, status=Completed, transactionDate=2024-08-04T22:21:35.455897}
2024-08-04 22:21:35 [http-nio-8080-exec-6] INFO  c.e.P.Service.TransactionService - Transaction saved
2024-08-04 22:21:35 [http-nio-8080-exec-6] INFO  c.e.P.Service.TransactionService - Transaction response created: com.example.PaymentSystem.DTO.TransactionResponse@4edb3362
2024-08-04 22:21:40 [http-nio-8080-exec-8] INFO  c.e.P.Service.TransactionService - Starting payment process for transaction request: com.example.PaymentSystem.DTO.TransactionRequest@cc22ecc
2024-08-04 22:21:40 [http-nio-8080-exec-8] INFO  c.e.P.Service.TransactionService - Validating card credentials
2024-08-04 22:21:40 [http-nio-8080-exec-8] INFO  c.e.P.Service.TransactionService - Card has been validated
2024-08-04 22:21:40 [http-nio-8080-exec-8] INFO  c.e.P.Service.TransactionService - Authenticated user: com.example.PaymentSystem.Model.User@353b5429
2024-08-04 22:21:40 [http-nio-8080-exec-8] INFO  c.e.P.Service.TransactionService - Product found: mobile balance
2024-08-04 22:21:40 [http-nio-8080-exec-8] INFO  c.e.P.Service.TransactionService - Validating transaction amount for product
2024-08-04 22:21:40 [http-nio-8080-exec-8] ERROR c.e.P.Service.TransactionService - Amount validation has failed, minimum amount for transaction is 0.00
2024-08-04 22:21:57 [http-nio-8080-exec-2] INFO  c.e.P.Service.TransactionService - Starting payment process for transaction request: com.example.PaymentSystem.DTO.TransactionRequest@d227c2a
2024-08-04 22:21:57 [http-nio-8080-exec-2] INFO  c.e.P.Service.TransactionService - Validating card credentials
2024-08-04 22:21:57 [http-nio-8080-exec-2] INFO  c.e.P.Service.TransactionService - Card has been validated
2024-08-04 22:21:57 [http-nio-8080-exec-2] INFO  c.e.P.Service.TransactionService - Authenticated user: com.example.PaymentSystem.Model.User@209da0f9
2024-08-04 22:21:57 [http-nio-8080-exec-2] ERROR c.e.P.Service.TransactionService - Product not found. Handling invalid product.
2024-08-04 22:21:57 [http-nio-8080-exec-2] INFO  c.e.P.Service.TransactionService - Transaction saved in handleInvalidProduct, transaction status set to Failed Transaction{id=3, amount=-1, paymentMethod=CARD, status=Failed, transactionDate=2024-08-04T22:21:57.721410}
